-1.427037368421052665e+00 8.262757815789473215e-01 -9.879489473684208711e-01 -9.048156315789479542e-02 9.879489473684208711e-01 -9.048156315789479542e-02 2.085669999999999913e+00 8.726650000000000726e-03 -3.825942105263158144e-01 2.709852631578946180e-02
-1.207493157894736768e+00 8.262757815789473215e-01 -9.879489473684208711e-01 -9.048156315789479542e-02 9.879489473684208711e-01 -9.048156315789479542e-02 2.085669999999999913e+00 8.726650000000000726e-03 -3.825942105263158144e-01 2.709852631578946180e-02
-1.207493157894736768e+00 8.262757815789473215e-01 -9.879489473684208711e-01 -9.048156315789479542e-02 9.879489473684208711e-01 -9.048156315789479542e-02 -2.085669999999999913e+00 1.722364763157894774e-01 -3.825942105263158144e-01 2.709852631578946180e-02
-1.207493157894736768e+00 8.262757815789473215e-01 -9.879489473684208711e-01 -9.048156315789479542e-02 9.879489473684208711e-01 -9.048156315789479542e-02 -2.085669999999999913e+00 3.357463026315789523e-01 -3.825942105263158144e-01 2.709852631578946180e-02
-1.207493157894736768e+00 8.262757815789473215e-01 -9.879489473684208711e-01 -9.048156315789479542e-02 9.879489473684208711e-01 -9.048156315789479542e-02 2.085669999999999913e+00 8.726650000000000726e-03 -3.825942105263158144e-01 2.709852631578946180e-02
-1.207493157894736768e+00 8.262757815789473215e-01 -1.207493157894736768e+00 -9.048156315789479542e-02 9.879489473684208711e-01 -9.048156315789479542e-02 2.085669999999999913e+00 8.726650000000000726e-03 -3.825942105263158144e-01 2.709852631578946180e-02
-1.207493157894736768e+00 8.262757815789473215e-01 -9.879489473684208711e-01 -9.048156315789479542e-02 9.879489473684208711e-01 -9.048156315789479542e-02 2.085669999999999913e+00 8.726650000000000726e-03 -3.825942105263158144e-01 2.709852631578946180e-02
-1.207493157894736768e+00 8.262757815789473215e-01 -9.879489473684208711e-01 -9.048156315789479542e-02 9.879489473684208711e-01 -9.048156315789479542e-02 2.085669999999999913e+00 8.726650000000000726e-03 -3.825942105263158144e-01 2.709852631578946180e-02
-1.207493157894736768e+00 8.262757815789473215e-01 -7.684047368421051960e-01 -9.048156315789479542e-02 9.879489473684208711e-01 -9.048156315789479542e-02 2.085669999999999913e+00 8.726650000000000726e-03 -3.825942105263158144e-01 2.709852631578946180e-02
-1.207493157894736768e+00 8.262757815789473215e-01 -1.207493157894736768e+00 -9.048156315789479542e-02 9.879489473684208711e-01 -9.048156315789479542e-02 -2.085669999999999913e+00 1.722364763157894774e-01 -3.825942105263158144e-01 2.709852631578946180e-02
-1.207493157894736768e+00 8.262757815789473215e-01 -1.207493157894736768e+00 -9.048156315789479542e-02 1.207493157894736768e+00 -9.048156315789479542e-02 -1.866125789473684016e+00 8.726650000000000726e-03 -3.825942105263158144e-01 2.709852631578946180e-02
-1.207493157894736768e+00 8.262757815789473215e-01 -1.097721052631577265e-01 -2.539913894736842703e-01 1.207493157894736768e+00 -9.048156315789479542e-02 -2.085669999999999913e+00 1.722364763157894774e-01 -3.825942105263158144e-01 2.709852631578946180e-02
-1.207493157894736768e+00 8.262757815789473215e-01 -1.097721052631577265e-01 -9.080306947368421699e-01 9.879489473684208711e-01 -9.048156315789479542e-02 2.085669999999999913e+00 8.726650000000000726e-03 -3.825942105263158144e-01 2.709852631578946180e-02
-1.207493157894736768e+00 6.627659552631578466e-01 -1.097721052631577265e-01 -1.235050347368421120e+00 9.879489473684208711e-01 -9.048156315789479542e-02 -2.085669999999999913e+00 3.357463026315789523e-01 -3.825942105263158144e-01 2.709852631578946180e-02
-1.427037368421052665e+00 6.627659552631578466e-01 -1.097721052631577265e-01 -7.445208684210526950e-01 9.879489473684208711e-01 -9.048156315789479542e-02 -2.085669999999999913e+00 4.992561289473684272e-01 -3.825942105263158144e-01 2.709852631578946180e-02
-1.207493157894736768e+00 6.627659552631578466e-01 -1.097721052631577265e-01 -4.175012157894737452e-01 9.879489473684208711e-01 -9.048156315789479542e-02 2.085669999999999913e+00 8.726650000000000726e-03 -3.825942105263158144e-01 2.709852631578946180e-02
-1.427037368421052665e+00 6.627659552631578466e-01 3.293163157894736237e-01 -9.048156315789479542e-02 9.879489473684208711e-01 -9.048156315789479542e-02 2.085669999999999913e+00 8.726650000000000726e-03 -3.825942105263158144e-01 2.709852631578946180e-02
-1.207493157894736768e+00 8.262757815789473215e-01 -1.866125789473684016e+00 -9.048156315789479542e-02 9.879489473684208711e-01 -9.048156315789479542e-02 -2.085669999999999913e+00 1.722364763157894774e-01 -3.825942105263158144e-01 2.709852631578946180e-02
-1.207493157894736768e+00 8.262757815789473215e-01 -1.207493157894736768e+00 -9.048156315789479542e-02 9.879489473684208711e-01 -9.048156315789479542e-02 -7.684047368421051960e-01 1.722364763157894774e-01 -3.825942105263158144e-01 2.709852631578946180e-02
-1.207493157894736768e+00 8.262757815789473215e-01 -1.207493157894736768e+00 -9.048156315789479542e-02 9.879489473684208711e-01 -9.048156315789479542e-02 -2.085669999999999913e+00 8.726650000000000726e-03 -3.825942105263158144e-01 2.709852631578946180e-02
-1.427037368421052665e+00 8.262757815789473215e-01 -1.427037368421052665e+00 -9.048156315789479542e-02 1.207493157894736768e+00 -9.048156315789479542e-02 -2.085669999999999913e+00 8.726650000000000726e-03 -3.825942105263158144e-01 2.709852631578946180e-02
-1.427037368421052665e+00 8.262757815789473215e-01 -5.488605263157895209e-01 -9.048156315789479542e-02 1.207493157894736768e+00 -9.048156315789479542e-02 -9.879489473684208711e-01 1.722364763157894774e-01 -3.825942105263158144e-01 2.709852631578946180e-02
-1.427037368421052665e+00 8.262757815789473215e-01 -9.879489473684208711e-01 -9.048156315789479542e-02 9.879489473684208711e-01 -9.048156315789479542e-02 2.085669999999999913e+00 8.726650000000000726e-03 -3.825942105263158144e-01 2.709852631578946180e-02
-1.207493157894736768e+00 8.262757815789473215e-01 -9.879489473684208711e-01 -9.048156315789479542e-02 9.879489473684208711e-01 -9.048156315789479542e-02 -2.085669999999999913e+00 4.992561289473684272e-01 -3.825942105263158144e-01 2.709852631578946180e-02
-1.207493157894736768e+00 8.262757815789473215e-01 -7.684047368421051960e-01 -9.048156315789479542e-02 1.207493157894736768e+00 -9.048156315789479542e-02 -2.085669999999999913e+00 1.722364763157894774e-01 -3.825942105263158144e-01 2.709852631578946180e-02
-1.427037368421052665e+00 8.262757815789473215e-01 1.097721052631581706e-01 -9.048156315789479542e-02 1.207493157894736768e+00 -9.048156315789479542e-02 -1.097721052631577265e-01 4.992561289473684272e-01 -3.825942105263158144e-01 2.709852631578946180e-02
-1.427037368421052665e+00 8.262757815789473215e-01 -1.097721052631577265e-01 -9.048156315789479542e-02 1.207493157894736768e+00 -9.048156315789479542e-02 -1.097721052631577265e-01 4.992561289473684272e-01 -3.825942105263158144e-01 2.709852631578946180e-02
-1.427037368421052665e+00 8.262757815789473215e-01 -1.097721052631577265e-01 -9.048156315789479542e-02 9.879489473684208711e-01 -9.048156315789479542e-02 -1.866125789473684016e+00 8.726650000000000726e-03 -3.825942105263158144e-01 2.709852631578946180e-02
-1.427037368421052665e+00 8.262757815789473215e-01 -1.207493157894736768e+00 -9.048156315789479542e-02 9.879489473684208711e-01 -9.048156315789479542e-02 -2.085669999999999913e+00 4.992561289473684272e-01 -3.825942105263158144e-01 2.709852631578946180e-02
-1.207493157894736768e+00 8.262757815789473215e-01 -1.207493157894736768e+00 -9.048156315789479542e-02 9.879489473684208711e-01 -9.048156315789479542e-02 -2.085669999999999913e+00 4.992561289473684272e-01 -3.825942105263158144e-01 2.709852631578946180e-02
-1.207493157894736768e+00 8.262757815789473215e-01 -1.207493157894736768e+00 -9.048156315789479542e-02 -9.879489473684208711e-01 -9.080306947368421699e-01 -1.097721052631577265e-01 1.722364763157894774e-01 -3.825942105263158144e-01 2.709852631578946180e-02
-1.207493157894736768e+00 8.262757815789473215e-01 -1.427037368421052665e+00 -9.048156315789479542e-02 -9.879489473684208711e-01 -9.080306947368421699e-01 -1.207493157894736768e+00 8.726650000000000726e-03 -3.825942105263158144e-01 2.709852631578946180e-02
-1.207493157894736768e+00 8.262757815789473215e-01 -1.427037368421052665e+00 -9.048156315789479542e-02 -9.879489473684208711e-01 -1.071540521052631645e+00 -7.684047368421051960e-01 8.726650000000000726e-03 -3.825942105263158144e-01 2.709852631578946180e-02
-1.207493157894736768e+00 8.262757815789473215e-01 -1.427037368421052665e+00 -9.048156315789479542e-02 -9.879489473684208711e-01 -9.080306947368421699e-01 -7.684047368421051960e-01 8.726650000000000726e-03 -3.825942105263158144e-01 2.709852631578946180e-02
-1.427037368421052665e+00 8.262757815789473215e-01 2.085669999999999913e+00 -9.048156315789479542e-02 -9.879489473684208711e-01 -9.080306947368421699e-01 5.488605263157895209e-01 8.726650000000000726e-03 -3.825942105263158144e-01 2.709852631578946180e-02
-1.207493157894736768e+00 8.262757815789473215e-01 -1.427037368421052665e+00 -9.048156315789479542e-02 -9.879489473684208711e-01 -9.080306947368421699e-01 2.085669999999999913e+00 8.726650000000000726e-03 -3.825942105263158144e-01 2.709852631578946180e-02
-1.207493157894736768e+00 8.262757815789473215e-01 -1.646581578947368341e+00 -9.048156315789479542e-02 -9.879489473684208711e-01 -9.080306947368421699e-01 -1.207493157894736768e+00 8.726650000000000726e-03 -3.825942105263158144e-01 2.709852631578946180e-02
-1.207493157894736768e+00 6.627659552631578466e-01 -1.866125789473684016e+00 -9.048156315789479542e-02 -9.879489473684208711e-01 -9.080306947368421699e-01 -1.866125789473684016e+00 8.726650000000000726e-03 -3.825942105263158144e-01 2.709852631578946180e-02
-1.207493157894736768e+00 8.262757815789473215e-01 -1.646581578947368341e+00 -9.048156315789479542e-02 -9.879489473684208711e-01 -9.080306947368421699e-01 1.427037368421052665e+00 8.726650000000000726e-03 -3.825942105263158144e-01 2.709852631578946180e-02
-1.207493157894736768e+00 8.262757815789473215e-01 -1.646581578947368341e+00 -9.048156315789479542e-02 -9.879489473684208711e-01 -9.080306947368421699e-01 -2.085669999999999913e+00 8.726650000000000726e-03 -4.919068421052631424e-01 2.709852631578946180e-02
-1.207493157894736768e+00 8.262757815789473215e-01 -1.866125789473684016e+00 -9.048156315789479542e-02 -9.879489473684208711e-01 -9.080306947368421699e-01 -1.427037368421052665e+00 8.726650000000000726e-03 -4.919068421052631424e-01 2.709852631578946180e-02
-9.879489473684208711e-01 6.627659552631578466e-01 5.488605263157895209e-01 -1.562070000000000070e+00 -9.879489473684208711e-01 -7.445208684210526950e-01 -1.097721052631577265e-01 1.316805260526315857e+00 -3.825942105263158144e-01 2.709852631578946180e-02
-9.879489473684208711e-01 6.627659552631578466e-01 7.684047368421054180e-01 -1.562070000000000070e+00 -9.879489473684208711e-01 -5.810110421052632201e-01 -5.488605263157895209e-01 1.480315086842105332e+00 -3.825942105263158144e-01 2.709852631578946180e-02
-9.879489473684208711e-01 8.262757815789473215e-01 7.684047368421054180e-01 -1.562070000000000070e+00 -7.684047368421051960e-01 -9.080306947368421699e-01 -1.097721052631577265e-01 1.480315086842105332e+00 -3.825942105263158144e-01 2.709852631578946180e-02
-9.879489473684208711e-01 8.262757815789473215e-01 7.684047368421054180e-01 -1.562070000000000070e+00 -5.488605263157895209e-01 -9.080306947368421699e-01 -1.097721052631577265e-01 1.480315086842105332e+00 -3.825942105263158144e-01 2.709852631578946180e-02
-9.879489473684208711e-01 8.262757815789473215e-01 7.684047368421054180e-01 -1.562070000000000070e+00 -5.488605263157895209e-01 -9.080306947368421699e-01 -1.097721052631577265e-01 1.480315086842105332e+00 -3.825942105263158144e-01 2.709852631578946180e-02
-1.427037368421052665e+00 6.627659552631578466e-01 1.097721052631581706e-01 -9.048156315789479542e-02 9.879489473684208711e-01 -9.048156315789479542e-02 2.085669999999999913e+00 1.480315086842105332e+00 -3.825942105263158144e-01 2.709852631578946180e-02
-1.427037368421052665e+00 8.262757815789473215e-01 -5.488605263157895209e-01 -9.048156315789479542e-02 9.879489473684208711e-01 -9.048156315789479542e-02 2.085669999999999913e+00 1.480315086842105332e+00 -3.825942105263158144e-01 2.709852631578946180e-02
-9.879489473684208711e-01 9.897856078947367964e-01 -1.646581578947368341e+00 -9.048156315789479542e-02 9.879489473684208711e-01 -9.048156315789479542e-02 2.085669999999999913e+00 1.480315086842105332e+00 -3.825942105263158144e-01 2.709852631578946180e-02
-9.879489473684208711e-01 9.897856078947367964e-01 -2.085669999999999913e+00 -9.048156315789479542e-02 5.488605263157895209e-01 -7.445208684210526950e-01 2.085669999999999913e+00 8.262757815789473215e-01 -3.825942105263158144e-01 2.709852631578946180e-02
-7.684047368421051960e-01 1.153295434210526382e+00 -2.085669999999999913e+00 -9.048156315789479542e-02 -7.684047368421051960e-01 -1.071540521052631645e+00 2.085669999999999913e+00 8.726650000000000726e-03 -3.825942105263158144e-01 2.709852631578946180e-02
-7.684047368421051960e-01 1.153295434210526382e+00 -1.866125789473684016e+00 -9.048156315789479542e-02 -5.488605263157895209e-01 -1.071540521052631645e+00 2.085669999999999913e+00 8.726650000000000726e-03 -4.919068421052631424e-01 2.709852631578946180e-02
-7.684047368421051960e-01 9.897856078947367964e-01 -2.085669999999999913e+00 -9.048156315789479542e-02 -5.488605263157895209e-01 -1.071540521052631645e+00 2.085669999999999913e+00 8.726650000000000726e-03 -4.919068421052631424e-01 2.709852631578946180e-02
-9.879489473684208711e-01 9.897856078947367964e-01 -3.293163157894736237e-01 -9.048156315789479542e-02 -5.488605263157895209e-01 -1.071540521052631645e+00 2.085669999999999913e+00 8.726650000000000726e-03 -3.825942105263158144e-01 2.709852631578946180e-02
-7.684047368421051960e-01 9.897856078947367964e-01 -2.085669999999999913e+00 -9.048156315789479542e-02 -5.488605263157895209e-01 -1.071540521052631645e+00 2.085669999999999913e+00 8.726650000000000726e-03 -3.825942105263158144e-01 2.709852631578946180e-02
-9.879489473684208711e-01 9.897856078947367964e-01 -2.085669999999999913e+00 -9.048156315789479542e-02 -5.488605263157895209e-01 -1.071540521052631645e+00 2.085669999999999913e+00 8.726650000000000726e-03 -3.825942105263158144e-01 2.709852631578946180e-02
-7.684047368421051960e-01 1.153295434210526382e+00 -2.085669999999999913e+00 -9.048156315789479542e-02 -5.488605263157895209e-01 -1.071540521052631645e+00 2.085669999999999913e+00 8.726650000000000726e-03 -3.825942105263158144e-01 2.709852631578946180e-02
-7.684047368421051960e-01 1.153295434210526382e+00 -2.085669999999999913e+00 -9.048156315789479542e-02 -5.488605263157895209e-01 -1.071540521052631645e+00 2.085669999999999913e+00 8.726650000000000726e-03 -3.825942105263158144e-01 2.709852631578946180e-02
-9.879489473684208711e-01 9.897856078947367964e-01 -1.866125789473684016e+00 -9.048156315789479542e-02 -7.684047368421051960e-01 -1.071540521052631645e+00 2.085669999999999913e+00 8.726650000000000726e-03 -3.825942105263158144e-01 2.709852631578946180e-02
-7.684047368421051960e-01 1.153295434210526382e+00 -9.879489473684208711e-01 -9.048156315789479542e-02 -7.684047368421051960e-01 -1.071540521052631645e+00 2.085669999999999913e+00 8.726650000000000726e-03 -3.825942105263158144e-01 2.709852631578946180e-02
-3.293163157894736237e-01 9.897856078947367964e-01 -2.085669999999999913e+00 -9.048156315789479542e-02 -7.684047368421051960e-01 -1.071540521052631645e+00 2.085669999999999913e+00 8.726650000000000726e-03 -3.825942105263158144e-01 2.709852631578946180e-02
-1.097721052631577265e-01 9.897856078947367964e-01 -2.085669999999999913e+00 -9.048156315789479542e-02 1.207493157894736768e+00 -9.048156315789479542e-02 2.085669999999999913e+00 1.480315086842105332e+00 -3.825942105263158144e-01 1.354926315789473090e-01
3.293163157894736237e-01 9.897856078947367964e-01 -2.085669999999999913e+00 -4.175012157894737452e-01 -9.879489473684208711e-01 -1.235050347368421120e+00 2.085669999999999913e+00 8.726650000000000726e-03 -3.825942105263158144e-01 2.438867368421052673e-01
5.488605263157895209e-01 9.897856078947367964e-01 -2.085669999999999913e+00 -9.048156315789479542e-02 -7.684047368421051960e-01 -1.235050347368421120e+00 1.207493157894736768e+00 8.726650000000000726e-03 -4.919068421052631424e-01 3.522808421052631145e-01
5.488605263157895209e-01 9.897856078947367964e-01 -2.085669999999999913e+00 -9.048156315789479542e-02 -1.427037368421052665e+00 -1.235050347368421120e+00 5.488605263157895209e-01 8.726650000000000726e-03 -4.919068421052631424e-01 3.522808421052631145e-01
5.488605263157895209e-01 9.897856078947367964e-01 -2.085669999999999913e+00 -9.048156315789479542e-02 -1.646581578947368341e+00 -1.235050347368421120e+00 -2.085669999999999913e+00 8.726650000000000726e-03 -4.919068421052631424e-01 3.522808421052631145e-01
5.488605263157895209e-01 8.262757815789473215e-01 -2.085669999999999913e+00 -9.048156315789479542e-02 -1.646581578947368341e+00 -1.235050347368421120e+00 -2.085669999999999913e+00 8.726650000000000726e-03 -4.919068421052631424e-01 3.522808421052631145e-01
3.293163157894736237e-01 9.897856078947367964e-01 -2.085669999999999913e+00 -9.048156315789479542e-02 -1.646581578947368341e+00 -1.071540521052631645e+00 -2.085669999999999913e+00 8.726650000000000726e-03 -4.919068421052631424e-01 3.522808421052631145e-01
3.293163157894736237e-01 9.897856078947367964e-01 -2.085669999999999913e+00 -9.048156315789479542e-02 -1.646581578947368341e+00 -1.235050347368421120e+00 -2.085669999999999913e+00 8.726650000000000726e-03 -4.919068421052631424e-01 3.522808421052631145e-01
3.293163157894736237e-01 9.897856078947367964e-01 -2.085669999999999913e+00 -9.048156315789479542e-02 -1.646581578947368341e+00 -1.235050347368421120e+00 -2.085669999999999913e+00 8.726650000000000726e-03 -4.919068421052631424e-01 3.522808421052631145e-01
3.293163157894736237e-01 9.897856078947367964e-01 -2.085669999999999913e+00 -9.048156315789479542e-02 -1.427037368421052665e+00 -1.235050347368421120e+00 -1.866125789473684016e+00 8.726650000000000726e-03 -4.919068421052631424e-01 3.522808421052631145e-01
-3.293163157894736237e-01 1.153295434210526382e+00 -2.085669999999999913e+00 -9.048156315789479542e-02 -7.684047368421051960e-01 -1.235050347368421120e+00 2.085669999999999913e+00 8.726650000000000726e-03 -4.919068421052631424e-01 2.438867368421052673e-01
-9.879489473684208711e-01 1.153295434210526382e+00 -1.866125789473684016e+00 -9.048156315789479542e-02 3.293163157894736237e-01 -1.235050347368421120e+00 1.866125789473684460e+00 8.726650000000000726e-03 -4.919068421052631424e-01 1.354926315789473090e-01
-1.207493157894736768e+00 1.153295434210526382e+00 -9.879489473684208711e-01 -9.048156315789479542e-02 -3.293163157894736237e-01 -1.235050347368421120e+00 -2.085669999999999913e+00 1.722364763157894774e-01 -4.919068421052631424e-01 2.709852631578946180e-02
-1.427037368421052665e+00 1.153295434210526382e+00 -1.097721052631577265e-01 -9.048156315789479542e-02 1.097721052631581706e-01 -1.071540521052631645e+00 1.866125789473684460e+00 8.726650000000000726e-03 -4.919068421052631424e-01 -8.129557894736844093e-02
-1.866125789473684016e+00 9.897856078947367964e-01 2.085669999999999913e+00 -9.048156315789479542e-02 3.293163157894736237e-01 -9.080306947368421699e-01 2.085669999999999913e+00 8.726650000000000726e-03 -4.919068421052631424e-01 -1.896896842105263437e-01
-2.085669999999999913e+00 9.897856078947367964e-01 2.085669999999999913e+00 -9.048156315789479542e-02 5.488605263157895209e-01 -7.445208684210526950e-01 2.085669999999999913e+00 1.722364763157894774e-01 -4.919068421052631424e-01 -2.980837894736841909e-01
-2.085669999999999913e+00 9.897856078947367964e-01 1.646581578947368563e+00 -2.539913894736842703e-01 5.488605263157895209e-01 -9.080306947368421699e-01 2.085669999999999913e+00 1.722364763157894774e-01 -4.919068421052631424e-01 -2.980837894736841909e-01
-2.085669999999999913e+00 9.897856078947367964e-01 1.646581578947368563e+00 -2.539913894736842703e-01 5.488605263157895209e-01 -9.080306947368421699e-01 2.085669999999999913e+00 3.357463026315789523e-01 -4.919068421052631424e-01 -2.980837894736841909e-01
-2.085669999999999913e+00 8.262757815789473215e-01 2.085669999999999913e+00 -9.048156315789479542e-02 5.488605263157895209e-01 -7.445208684210526950e-01 2.085669999999999913e+00 1.722364763157894774e-01 -4.919068421052631424e-01 -2.980837894736841909e-01
-2.085669999999999913e+00 9.897856078947367964e-01 2.085669999999999913e+00 -9.048156315789479542e-02 7.684047368421054180e-01 -7.445208684210526950e-01 2.085669999999999913e+00 3.357463026315789523e-01 -4.919068421052631424e-01 -2.980837894736841909e-01
-2.085669999999999913e+00 9.897856078947367964e-01 2.085669999999999913e+00 -9.048156315789479542e-02 7.684047368421054180e-01 -7.445208684210526950e-01 2.085669999999999913e+00 1.722364763157894774e-01 -4.919068421052631424e-01 -2.980837894736841909e-01
-1.866125789473684016e+00 1.153295434210526382e+00 1.866125789473684460e+00 -9.048156315789479542e-02 7.684047368421054180e-01 -9.080306947368421699e-01 2.085669999999999913e+00 1.722364763157894774e-01 -4.919068421052631424e-01 -2.980837894736841909e-01
-1.866125789473684016e+00 1.153295434210526382e+00 1.866125789473684460e+00 -9.048156315789479542e-02 -1.097721052631577265e-01 -1.235050347368421120e+00 2.085669999999999913e+00 8.726650000000000726e-03 -4.919068421052631424e-01 -1.896896842105263437e-01
-1.646581578947368341e+00 1.153295434210526382e+00 -2.085669999999999913e+00 -9.048156315789479542e-02 -5.488605263157895209e-01 -1.235050347368421120e+00 1.866125789473684460e+00 8.726650000000000726e-03 -3.825942105263158144e-01 -8.129557894736844093e-02
-9.879489473684208711e-01 1.316805260526315857e+00 -1.866125789473684016e+00 -9.048156315789479542e-02 -5.488605263157895209e-01 -1.235050347368421120e+00 2.085669999999999913e+00 8.726650000000000726e-03 -3.825942105263158144e-01 2.709852631578946180e-02
-9.879489473684208711e-01 1.316805260526315857e+00 -2.085669999999999913e+00 -9.048156315789479542e-02 -5.488605263157895209e-01 -1.071540521052631645e+00 2.085669999999999913e+00 8.726650000000000726e-03 -3.825942105263158144e-01 2.709852631578946180e-02
-7.684047368421051960e-01 1.316805260526315857e+00 -1.646581578947368341e+00 -9.048156315789479542e-02 -7.684047368421051960e-01 -1.071540521052631645e+00 2.085669999999999913e+00 8.726650000000000726e-03 -3.825942105263158144e-01 2.709852631578946180e-02
-7.684047368421051960e-01 1.316805260526315857e+00 -1.427037368421052665e+00 -2.539913894736842703e-01 -7.684047368421051960e-01 -1.071540521052631645e+00 2.085669999999999913e+00 8.726650000000000726e-03 -3.825942105263158144e-01 2.709852631578946180e-02
-7.684047368421051960e-01 1.316805260526315857e+00 -9.879489473684208711e-01 -9.048156315789479542e-02 -5.488605263157895209e-01 -1.071540521052631645e+00 2.085669999999999913e+00 8.726650000000000726e-03 -3.825942105263158144e-01 2.709852631578946180e-02
-1.207493157894736768e+00 1.153295434210526382e+00 -7.684047368421051960e-01 -9.048156315789479542e-02 -5.488605263157895209e-01 -1.071540521052631645e+00 2.085669999999999913e+00 8.726650000000000726e-03 -3.825942105263158144e-01 2.709852631578946180e-02
-7.684047368421051960e-01 1.153295434210526382e+00 -9.879489473684208711e-01 -2.539913894736842703e-01 -5.488605263157895209e-01 -1.071540521052631645e+00 2.085669999999999913e+00 8.726650000000000726e-03 -3.825942105263158144e-01 2.709852631578946180e-02
-3.293163157894736237e-01 8.262757815789473215e-01 -3.293163157894736237e-01 -9.048156315789479542e-02 -3.293163157894736237e-01 -1.071540521052631645e+00 -2.085669999999999913e+00 8.726650000000000726e-03 -3.825942105263158144e-01 2.709852631578946180e-02
-1.097721052631577265e-01 6.627659552631578466e-01 1.097721052631581706e-01 -9.048156315789479542e-02 -1.097721052631577265e-01 -9.080306947368421699e-01 -3.293163157894736237e-01 1.722364763157894774e-01 -3.825942105263158144e-01 2.709852631578946180e-02
1.097721052631581706e-01 4.992561289473684272e-01 -3.293163157894736237e-01 -9.048156315789479542e-02 -1.097721052631577265e-01 -4.175012157894737452e-01 -5.488605263157895209e-01 1.722364763157894774e-01 -3.825942105263158144e-01 2.709852631578946180e-02
1.097721052631581706e-01 4.992561289473684272e-01 1.866125789473684460e+00 -9.048156315789479542e-02 1.097721052631581706e-01 -2.539913894736842703e-01 -1.207493157894736768e+00 1.722364763157894774e-01 -3.825942105263158144e-01 2.709852631578946180e-02
3.293163157894736237e-01 6.627659552631578466e-01 5.488605263157895209e-01 -9.048156315789479542e-02 1.097721052631581706e-01 -2.539913894736842703e-01 -5.488605263157895209e-01 3.357463026315789523e-01 -3.825942105263158144e-01 2.709852631578946180e-02
5.488605263157895209e-01 4.992561289473684272e-01 -5.488605263157895209e-01 -9.048156315789479542e-02 5.488605263157895209e-01 -2.539913894736842703e-01 -1.097721052631577265e-01 1.722364763157894774e-01 -3.825942105263158144e-01 2.709852631578946180e-02
5.488605263157895209e-01 4.992561289473684272e-01 -5.488605263157895209e-01 -9.048156315789479542e-02 5.488605263157895209e-01 -9.048156315789479542e-02 1.097721052631581706e-01 1.722364763157894774e-01 -3.825942105263158144e-01 2.709852631578946180e-02
5.488605263157895209e-01 4.992561289473684272e-01 1.097721052631581706e-01 -9.048156315789479542e-02 5.488605263157895209e-01 -2.539913894736842703e-01 1.097721052631581706e-01 1.722364763157894774e-01 -3.825942105263158144e-01 2.709852631578946180e-02
